JpushDemo/Jpush/build/outputs/logs/manifest-merger-debug-report.txt
-- Merging decision tree log ---
manifest
ADDED from JpushDemo\Jpush\AndroidManifest.xml:2:1-175:12
INJECTED from JpushDemo\Jpush\AndroidManifest.xml:2:1-175:12
INJECTED from JpushDemo\Jpush\AndroidManifest.xml:2:1-175:12
INJECTED from JpushDemo\Jpush\AndroidManifest.xml:2:1-175:12
INJECTED from JpushDemo\Jpush\AndroidManifest.xml:2:1-175:12
	package
		ADDED from JpushDemo\Jpush\AndroidManifest.xml:3:5-45
	android:versionName
		ADDED from JpushDemo\Jpush\AndroidManifest.xml:5:5-32
		INJECTED from JpushDemo\Jpush\AndroidManifest.xml
		INJECTED from JpushDemo\Jpush\AndroidManifest.xml
	xmlns:android
		ADDED from JpushDemo\Jpush\AndroidManifest.xml:2:11-69
	android:versionCode
		ADDED from JpushDemo\Jpush\AndroidManifest.xml:4:5-30
		INJECTED from JpushDemo\Jpush\AndroidManifest.xml
		INJECTED from JpushDemo\Jpush\AndroidManifest.xml
uses-sdk
ADDED from JpushDemo\Jpush\AndroidManifest.xml:7:5-73
	android:targetSdkVersion
		ADDED from JpushDemo\Jpush\AndroidManifest.xml:7:41-70
	android:minSdkVersion
		ADDED from JpushDemo\Jpush\AndroidManifest.xml:7:15-40
permission#com.example.asus.myapplication.permission.JPUSH_MESSAGE
ADDED from JpushDemo\Jpush\AndroidManifest.xml:10:5-12:47
	android:protectionLevel
		ADDED from JpushDemo\Jpush\AndroidManifest.xml:12:9-44
	android:name
		ADDED from JpushDemo\Jpush\AndroidManifest.xml:11:9-79
uses-permission#com.example.asus.myapplication.permission.JPUSH_MESSAGE
ADDED from JpushDemo\Jpush\AndroidManifest.xml:15:5-95
	android:name
		ADDED from JpushDemo\Jpush\AndroidManifest.xml:15:22-92
uses-permission#android.permission.RECEIVE_USER_PRESENT
ADDED from JpushDemo\Jpush\AndroidManifest.xml:16:5-79
	android:name
		ADDED from JpushDemo\Jpush\AndroidManifest.xml:16:22-76
uses-permission#android.permission.INTERNET
ADDED from JpushDemo\Jpush\AndroidManifest.xml:17:5-67
	android:name
		ADDED from JpushDemo\Jpush\AndroidManifest.xml:17:22-64
uses-permission#android.permission.READ_PHONE_STATE
ADDED from JpushDemo\Jpush\AndroidManifest.xml:18:5-75
	android:name
		ADDED from JpushDemo\Jpush\AndroidManifest.xml:18:22-72
uses-permission#android.permission.WRITE_EXTERNAL_STORAGE
ADDED from JpushDemo\Jpush\AndroidManifest.xml:19:5-81
	android:name
		ADDED from JpushDemo\Jpush\AndroidManifest.xml:19:22-78
uses-permission#android.permission.READ_EXTERNAL_STORAGE
ADDED from JpushDemo\Jpush\AndroidManifest.xml:20:5-80
	android:name
		ADDED from JpushDemo\Jpush\AndroidManifest.xml:20:22-77
uses-permission#android.permission.WRITE_SETTINGS
ADDED from JpushDemo\Jpush\AndroidManifest.xml:21:5-73
	android:name
		ADDED from JpushDemo\Jpush\AndroidManifest.xml:21:22-70
uses-permission#android.permission.MOUNT_UNMOUNT_FILESYSTEMS
ADDED from JpushDemo\Jpush\AndroidManifest.xml:22:5-84
	android:name
		ADDED from JpushDemo\Jpush\AndroidManifest.xml:22:22-81
uses-permission#android.permission.ACCESS_NETWORK_STATE
ADDED from JpushDemo\Jpush\AndroidManifest.xml:23:5-79
	android:name
		ADDED from JpushDemo\Jpush\AndroidManifest.xml:23:22-76
uses-permission#android.permission.ACCESS_WIFI_STATE
ADDED from JpushDemo\Jpush\AndroidManifest.xml:24:5-76
	android:name
		ADDED from JpushDemo\Jpush\AndroidManifest.xml:24:22-73
uses-permission#android.permission.VIBRATE
ADDED from JpushDemo\Jpush\AndroidManifest.xml:29:5-66
	android:name
		ADDED from JpushDemo\Jpush\AndroidManifest.xml:29:22-63
uses-permission#android.permission.SYSTEM_ALERT_WINDOW
ADDED from JpushDemo\Jpush\AndroidManifest.xml:30:5-78
	android:name
		ADDED from JpushDemo\Jpush\AndroidManifest.xml:30:22-75
uses-permission#android.permission.ACCESS_COARSE_LOCATION
ADDED from JpushDemo\Jpush\AndroidManifest.xml:31:5-81
	android:name
		ADDED from JpushDemo\Jpush\AndroidManifest.xml:31:22-78
uses-permission#android.permission.CHANGE_WIFI_STATE
ADDED from JpushDemo\Jpush\AndroidManifest.xml:32:5-76
	android:name
		ADDED from JpushDemo\Jpush\AndroidManifest.xml:32:22-73
uses-permission#android.permission.ACCESS_FINE_LOCATION
ADDED from JpushDemo\Jpush\AndroidManifest.xml:33:5-79
	android:name
		ADDED from JpushDemo\Jpush\AndroidManifest.xml:33:22-76
uses-permission#android.permission.ACCESS_LOCATION_EXTRA_COMMANDS
ADDED from JpushDemo\Jpush\AndroidManifest.xml:34:5-89
	android:name
		ADDED from JpushDemo\Jpush\AndroidManifest.xml:34:22-86
uses-permission#android.permission.CHANGE_NETWORK_STATE
ADDED from JpushDemo\Jpush\AndroidManifest.xml:35:5-79
	android:name
		ADDED from JpushDemo\Jpush\AndroidManifest.xml:35:22-76
uses-permission#android.permission.GET_TASKS
ADDED from JpushDemo\Jpush\AndroidManifest.xml:36:5-68
	android:name
		ADDED from JpushDemo\Jpush\AndroidManifest.xml:36:22-65
application
ADDED from JpushDemo\Jpush\AndroidManifest.xml:38:5-174:19
	android:label
		ADDED from JpushDemo\Jpush\AndroidManifest.xml:41:9-41
	android:icon
		ADDED from JpushDemo\Jpush\AndroidManifest.xml:39:9-45
	android:allowBackup
		ADDED from JpushDemo\Jpush\AndroidManifest.xml:40:9-36
	android:name
		ADDED from JpushDemo\Jpush\AndroidManifest.xml:42:9-64
activity#com.example.jpushdemo.MainActivity
ADDED from JpushDemo\Jpush\AndroidManifest.xml:45:9-52:20
	android:label
		ADDED from JpushDemo\Jpush\AndroidManifest.xml:47:13-45
	android:name
		ADDED from JpushDemo\Jpush\AndroidManifest.xml:46:13-62
intent-filter#android.intent.action.MAIN+android.intent.category.LAUNCHER
ADDED from JpushDemo\Jpush\AndroidManifest.xml:48:13-51:29
action#android.intent.action.MAIN
ADDED from JpushDemo\Jpush\AndroidManifest.xml:49:17-69
	android:name
		ADDED from JpushDemo\Jpush\AndroidManifest.xml:49:25-66
category#android.intent.category.LAUNCHER
ADDED from JpushDemo\Jpush\AndroidManifest.xml:50:17-77
	android:name
		ADDED from JpushDemo\Jpush\AndroidManifest.xml:50:27-74
activity#com.example.jpushdemo.PushSetActivity
ADDED from JpushDemo\Jpush\AndroidManifest.xml:54:8-115
	android:label
		ADDED from JpushDemo\Jpush\AndroidManifest.xml:54:71-103
	android:name
		ADDED from JpushDemo\Jpush\AndroidManifest.xml:54:18-70
activity#com.example.jpushdemo.SettingActivity
ADDED from JpushDemo\Jpush\AndroidManifest.xml:56:8-115
	android:label
		ADDED from JpushDemo\Jpush\AndroidManifest.xml:56:71-103
	android:name
		ADDED from JpushDemo\Jpush\AndroidManifest.xml:56:18-70
activity#com.example.jpushdemo.TestActivity
ADDED from JpushDemo\Jpush\AndroidManifest.xml:58:9-63:20
	android:exported
		ADDED from JpushDemo\Jpush\AndroidManifest.xml:58:69-93
	android:name
		ADDED from JpushDemo\Jpush\AndroidManifest.xml:58:19-68
intent-filter#jpush.testAction+jpush.testCategory
ADDED from JpushDemo\Jpush\AndroidManifest.xml:59:13-62:29
action#jpush.testAction
ADDED from JpushDemo\Jpush\AndroidManifest.xml:60:17-59
	android:name
		ADDED from JpushDemo\Jpush\AndroidManifest.xml:60:25-56
category#jpush.testCategory
ADDED from JpushDemo\Jpush\AndroidManifest.xml:61:17-63
	android:name
		ADDED from JpushDemo\Jpush\AndroidManifest.xml:61:27-60
activity#cn.jpush.android.ui.PopWinActivity
ADDED from JpushDemo\Jpush\AndroidManifest.xml:66:9-70:20
	android:exported
		ADDED from JpushDemo\Jpush\AndroidManifest.xml:69:13-37
	android:theme
		ADDED from JpushDemo\Jpush\AndroidManifest.xml:68:13-49
	android:name
		ADDED from JpushDemo\Jpush\AndroidManifest.xml:67:13-62
activity#cn.jpush.android.ui.PushActivity
ADDED from JpushDemo\Jpush\AndroidManifest.xml:73:9-83:20
	android:exported
		ADDED from JpushDemo\Jpush\AndroidManifest.xml:77:13-37
	android:configChanges
		ADDED from JpushDemo\Jpush\AndroidManifest.xml:75:13-63
	android:theme
		ADDED from JpushDemo\Jpush\AndroidManifest.xml:76:13-60
	android:name
		ADDED from JpushDemo\Jpush\AndroidManifest.xml:74:13-60
intent-filter#android.intent.category.DEFAULT+cn.jpush.android.ui.PushActivity+com.example.asus.myapplication
ADDED from JpushDemo\Jpush\AndroidManifest.xml:78:13-82:29
action#cn.jpush.android.ui.PushActivity
ADDED from JpushDemo\Jpush\AndroidManifest.xml:79:17-75
	android:name
		ADDED from JpushDemo\Jpush\AndroidManifest.xml:79:25-72
category#android.intent.category.DEFAULT
ADDED from JpushDemo\Jpush\AndroidManifest.xml:80:17-76
	android:name
		ADDED from JpushDemo\Jpush\AndroidManifest.xml:80:27-73
category#com.example.asus.myapplication
ADDED from JpushDemo\Jpush\AndroidManifest.xml:81:17-75
	android:name
		ADDED from JpushDemo\Jpush\AndroidManifest.xml:81:27-72
service#cn.jpush.android.service.PushService
ADDED from JpushDemo\Jpush\AndroidManifest.xml:87:9-97:19
	android:process
		ADDED from JpushDemo\Jpush\AndroidManifest.xml:89:13-36
	android:exported
		ADDED from JpushDemo\Jpush\AndroidManifest.xml:90:13-37
	android:name
		ADDED from JpushDemo\Jpush\AndroidManifest.xml:88:13-64
intent-filter#cn.jpush.android.intent.PUSH_TIME+cn.jpush.android.intent.PushService+cn.jpush.android.intent.REGISTER+cn.jpush.android.intent.REPORT
ADDED from JpushDemo\Jpush\AndroidManifest.xml:91:13-96:29
action#cn.jpush.android.intent.REGISTER
ADDED from JpushDemo\Jpush\AndroidManifest.xml:92:17-75
	android:name
		ADDED from JpushDemo\Jpush\AndroidManifest.xml:92:25-72
action#cn.jpush.android.intent.REPORT
ADDED from JpushDemo\Jpush\AndroidManifest.xml:93:17-73
	android:name
		ADDED from JpushDemo\Jpush\AndroidManifest.xml:93:25-70
action#cn.jpush.android.intent.PushService
ADDED from JpushDemo\Jpush\AndroidManifest.xml:94:17-78
	android:name
		ADDED from JpushDemo\Jpush\AndroidManifest.xml:94:25-75
action#cn.jpush.android.intent.PUSH_TIME
ADDED from JpushDemo\Jpush\AndroidManifest.xml:95:17-76
	android:name
		ADDED from JpushDemo\Jpush\AndroidManifest.xml:95:25-73
provider#cn.jpush.android.service.DataProvider
ADDED from JpushDemo\Jpush\AndroidManifest.xml:99:9-103:11
	android:authorities
		ADDED from JpushDemo\Jpush\AndroidManifest.xml:100:13-78
	android:exported
		ADDED from JpushDemo\Jpush\AndroidManifest.xml:102:13-37
	android:name
		ADDED from JpushDemo\Jpush\AndroidManifest.xml:101:13-65
service#cn.jpush.android.service.DaemonService
ADDED from JpushDemo\Jpush\AndroidManifest.xml:107:9-116:19
	android:enabled
		ADDED from JpushDemo\Jpush\AndroidManifest.xml:109:13-35
	android:exported
		ADDED from JpushDemo\Jpush\AndroidManifest.xml:110:13-36
	android:name
		ADDED from JpushDemo\Jpush\AndroidManifest.xml:108:13-66
intent-filter#cn.jpush.android.intent.DaemonService+com.example.asus.myapplication
ADDED from JpushDemo\Jpush\AndroidManifest.xml:111:13-114:29
action#cn.jpush.android.intent.DaemonService
ADDED from JpushDemo\Jpush\AndroidManifest.xml:112:17-80
	android:name
		ADDED from JpushDemo\Jpush\AndroidManifest.xml:112:25-77
provider#cn.jpush.android.service.DownloadProvider
ADDED from JpushDemo\Jpush\AndroidManifest.xml:118:9-122:11
	android:authorities
		ADDED from JpushDemo\Jpush\AndroidManifest.xml:119:13-82
	android:exported
		ADDED from JpushDemo\Jpush\AndroidManifest.xml:121:13-36
	android:name
		ADDED from JpushDemo\Jpush\AndroidManifest.xml:120:13-69
receiver#cn.jpush.android.service.PushReceiver
ADDED from JpushDemo\Jpush\AndroidManifest.xml:124:9-143:20
	android:enabled
		ADDED from JpushDemo\Jpush\AndroidManifest.xml:126:13-35
	android:exported
		ADDED from JpushDemo\Jpush\AndroidManifest.xml:127:13-37
	android:name
		ADDED from JpushDemo\Jpush\AndroidManifest.xml:125:13-65
intent-filter#cn.jpush.android.intent.NOTIFICATION_RECEIVED_PROXY+com.example.asus.myapplication
ADDED from JpushDemo\Jpush\AndroidManifest.xml:128:13-131:29
	android:priority
		ADDED from JpushDemo\Jpush\AndroidManifest.xml:128:28-51
action#cn.jpush.android.intent.NOTIFICATION_RECEIVED_PROXY
ADDED from JpushDemo\Jpush\AndroidManifest.xml:129:17-94
	android:name
		ADDED from JpushDemo\Jpush\AndroidManifest.xml:129:25-91
intent-filter#android.intent.action.USER_PRESENT+android.net.conn.CONNECTIVITY_CHANGE
ADDED from JpushDemo\Jpush\AndroidManifest.xml:132:13-135:29
action#android.intent.action.USER_PRESENT
ADDED from JpushDemo\Jpush\AndroidManifest.xml:133:17-77
	android:name
		ADDED from JpushDemo\Jpush\AndroidManifest.xml:133:25-74
action#android.net.conn.CONNECTIVITY_CHANGE
ADDED from JpushDemo\Jpush\AndroidManifest.xml:134:17-79
	android:name
		ADDED from JpushDemo\Jpush\AndroidManifest.xml:134:25-76
intent-filter#android.intent.action.PACKAGE_ADDED+android.intent.action.PACKAGE_REMOVED
ADDED from JpushDemo\Jpush\AndroidManifest.xml:137:13-142:29
action#android.intent.action.PACKAGE_ADDED
ADDED from JpushDemo\Jpush\AndroidManifest.xml:138:17-78
	android:name
		ADDED from JpushDemo\Jpush\AndroidManifest.xml:138:25-75
action#android.intent.action.PACKAGE_REMOVED
ADDED from JpushDemo\Jpush\AndroidManifest.xml:139:17-80
	android:name
		ADDED from JpushDemo\Jpush\AndroidManifest.xml:139:25-77
data
ADDED from JpushDemo\Jpush\AndroidManifest.xml:141:17-50
	android:scheme
		ADDED from JpushDemo\Jpush\AndroidManifest.xml:141:23-47
receiver#cn.jpush.android.service.AlarmReceiver
ADDED from JpushDemo\Jpush\AndroidManifest.xml:146:9-99
	android:exported
		ADDED from JpushDemo\Jpush\AndroidManifest.xml:146:73-97
	android:name
		ADDED from JpushDemo\Jpush\AndroidManifest.xml:146:19-72
receiver#com.example.jpushdemo.MyReceiver
ADDED from JpushDemo\Jpush\AndroidManifest.xml:149:9-161:20
	android:enabled
		ADDED from JpushDemo\Jpush\AndroidManifest.xml:152:13-35
	android:exported
		ADDED from JpushDemo\Jpush\AndroidManifest.xml:151:13-37
	android:name
		ADDED from JpushDemo\Jpush\AndroidManifest.xml:150:13-60
intent-filter#cn.jpush.android.intent.CONNECTION+cn.jpush.android.intent.MESSAGE_RECEIVED+cn.jpush.android.intent.NOTIFICATION_OPENED+cn.jpush.android.intent.NOTIFICATION_RECEIVED+cn.jpush.android.intent.REGISTRATION+com.example.asus.myapplication
ADDED from JpushDemo\Jpush\AndroidManifest.xml:153:13-160:29
action#cn.jpush.android.intent.REGISTRATION
ADDED from JpushDemo\Jpush\AndroidManifest.xml:154:17-79
	android:name
		ADDED from JpushDemo\Jpush\AndroidManifest.xml:154:25-76
action#cn.jpush.android.intent.MESSAGE_RECEIVED
ADDED from JpushDemo\Jpush\AndroidManifest.xml:155:17-83
	android:name
		ADDED from JpushDemo\Jpush\AndroidManifest.xml:155:25-80
action#cn.jpush.android.intent.NOTIFICATION_RECEIVED
ADDED from JpushDemo\Jpush\AndroidManifest.xml:156:17-88
	android:name
		ADDED from JpushDemo\Jpush\AndroidManifest.xml:156:25-85
action#cn.jpush.android.intent.NOTIFICATION_OPENED
ADDED from JpushDemo\Jpush\AndroidManifest.xml:157:17-86
	android:name
		ADDED from JpushDemo\Jpush\AndroidManifest.xml:157:25-83
action#cn.jpush.android.intent.CONNECTION
ADDED from JpushDemo\Jpush\AndroidManifest.xml:158:17-77
	android:name
		ADDED from JpushDemo\Jpush\AndroidManifest.xml:158:25-74
receiver#com.example.jpushdemo.MyJPushMessageReceiver
ADDED from JpushDemo\Jpush\AndroidManifest.xml:164:9-169:20
	android:name
		ADDED from JpushDemo\Jpush\AndroidManifest.xml:164:19-78
intent-filter#cn.jpush.android.intent.RECEIVE_MESSAGE+com.example.asus.myapplication
ADDED from JpushDemo\Jpush\AndroidManifest.xml:165:13-168:29
action#cn.jpush.android.intent.RECEIVE_MESSAGE
ADDED from JpushDemo\Jpush\AndroidManifest.xml:166:17-82
	android:name
		ADDED from JpushDemo\Jpush\AndroidManifest.xml:166:25-79
meta-data#JPUSH_CHANNEL
ADDED from JpushDemo\Jpush\AndroidManifest.xml:171:9-84
	android:value
		ADDED from JpushDemo\Jpush\AndroidManifest.xml:171:49-82
	android:name
		ADDED from JpushDemo\Jpush\AndroidManifest.xml:171:20-48
meta-data#JPUSH_APPKEY
ADDED from JpushDemo\Jpush\AndroidManifest.xml:172:9-91
	android:value
		ADDED from JpushDemo\Jpush\AndroidManifest.xml:172:48-88
	android:name
		ADDED from JpushDemo\Jpush\AndroidManifest.xml:172:20-47